
--------------------------------------------------
TXLib предупреждает:

Программа: C:\CodeBlocksPrograms\SquareProject\bin\Debug\SquareProject.exe,

ВНЕЗАПНО: Недопустимая операция с плавающей точкой.

#1: Исключение EXCEPTION_FLT_INVALID_OPERATION (0xC0000090) при выполнении кода по адресу 0x7695F192 в функции RaiseException() в модуле C:\WINDOWS\System32\KERNELBASE.dll. Спасибо _txVectoredExceptionHandler(), что сообщил. Люблю его <3

#1: TXLib [Ver: 00173a, Rev: 171, Date: 2022-07-23 02:08:28 +0400], Instance: 0x005042FC (32-bit), Flags: Cmdre0, Thread: 0x4344 (Main). 

--------------------------------------------------
Стек вызовов:

# 0 0x7695F192 in C:\WINDOWS\System32\KERNELBASE.dll: RaiseException()
# 1 0x77574A4A in C:\WINDOWS\System32\msvcrt.dll: modf()
# 2 0x7757480F in C:\WINDOWS\System32\msvcrt.dll: modf()
# 3 0x775771BA in C:\WINDOWS\System32\msvcrt.dll: modf()
# 4 0x775715B0 in C:\WINDOWS\System32\msvcrt.dll: modf()
# 5 0x775666A8 in C:\WINDOWS\System32\msvcrt.dll: sqrt()

# 6 0x0042B9D4 in C:\CodeBlocksPrograms\SquareProject\bin\Debug\SquareProject.exe: main() at C:/CodeBlocksPrograms/SquareProject/main.cpp (98):

     96: 
     97:     ScanCoeff(&a, &b, &c);
=>   98:     NumofSolv = SquareSolver(a, b, c, &x1, &x2);
     99:     OutSolv(NumofSolv, &x1, &x2);
    100: 

--------------------------------------------------
Developed with:

The Dumb Artist Library (TX Library)
TXLib [Ver: 00173a, Rev: 171, Date: 2022-07-23 02:08:28 +0400]
Copyright (C) Ded (Ilya Dedinsky, http://txlib.ru) <mail@txlib.ru>
See license on: http://txlib.ru

TXLib file:	c:\codeblocks\codeblocks\mingw\include\txlib.h
Compiled:	Aug 25 2022 14:25:29, GNU g++ 4.8.1, std=201103L, MinGW Runtime 3.20, 32-bit, DEBUG
Started:	Aug 25 2022 14:25:48

Run file:	C:\CodeBlocksPrograms\SquareProject\bin\Debug\SquareProject.exe
Directory:	C:\CodeBlocksPrograms\SquareProject

--------------------------------------------------

--------------------------------------------------
TXLib соболезнует...

Программа: C:\CodeBlocksPrograms\SquareProject\bin\Debug\SquareProject.exe,

ВНЕЗАПНО: signal (8, 0x00): SIGFPE: Грубая ошибка в вычислениях. 

Недопустимая операция с плавающей точкой.

#1: Исключение EXCEPTION_FLT_INVALID_OPERATION (0xC0000090) при выполнении кода по адресу 0x7695F192 в функции RaiseException() в модуле C:\WINDOWS\System32\KERNELBASE.dll. Спасибо _txVectoredExceptionHandler(), что сообщил. Люблю его <3

С помощью функции signal() вы можете сами обработать эту ошибку.

#2: TXLib [Ver: 00173a, Rev: 171, Date: 2022-07-23 02:08:28 +0400], Instance: 0x005042FC (32-bit), Flags: Cmdre0, Thread: 0x4344 (Main). 

--------------------------------------------------
Стек вызовов:

# 0 0x7695F192 in C:\WINDOWS\System32\KERNELBASE.dll: RaiseException()
# 1 0x77574A4A in C:\WINDOWS\System32\msvcrt.dll: modf()
# 2 0x7757480F in C:\WINDOWS\System32\msvcrt.dll: modf()
# 3 0x775771BA in C:\WINDOWS\System32\msvcrt.dll: modf()
# 4 0x775715B0 in C:\WINDOWS\System32\msvcrt.dll: modf()
# 5 0x775666A8 in C:\WINDOWS\System32\msvcrt.dll: sqrt()

# 6 0x0042B9D4 in C:\CodeBlocksPrograms\SquareProject\bin\Debug\SquareProject.exe: main() at C:/CodeBlocksPrograms/SquareProject/main.cpp (98):

     96: 
     97:     ScanCoeff(&a, &b, &c);
=>   98:     NumofSolv = SquareSolver(a, b, c, &x1, &x2);
     99:     OutSolv(NumofSolv, &x1, &x2);
    100: 

--------------------------------------------------
Developed with:

The Dumb Artist Library (TX Library)
TXLib [Ver: 00173a, Rev: 171, Date: 2022-07-23 02:08:28 +0400]
Copyright (C) Ded (Ilya Dedinsky, http://txlib.ru) <mail@txlib.ru>
See license on: http://txlib.ru

TXLib file:	c:\codeblocks\codeblocks\mingw\include\txlib.h
Compiled:	Aug 25 2022 14:25:29, GNU g++ 4.8.1, std=201103L, MinGW Runtime 3.20, 32-bit, DEBUG
Started:	Aug 25 2022 14:25:48

Run file:	C:\CodeBlocksPrograms\SquareProject\bin\Debug\SquareProject.exe
Directory:	C:\CodeBlocksPrograms\SquareProject

--------------------------------------------------

--------------------------------------------------
TXLib соболезнует...

Программа: C:\CodeBlocksPrograms\SquareProject\bin\Debug\SquareProject.exe, файл: c:\codeblocks\codeblocks\mingw\include\txlib.h, строка: 13128, функция: HPEN__* {anonymous}::TX::txSetColor(COLORREF, double, HDC),

Сообщение: Окно рисования не создано или не в порядке.
Если вы указали параметр "dc", то он неверен.

#1: TXLib [Ver: 00173a, Rev: 171, Date: 2022-07-23 02:08:28 +0400], Instance: 0x005042FC (32-bit), Flags: Cmdre0, Thread: 0x379C (Main). 

--------------------------------------------------
Стек вызовов:

# 0 0x0041C445 in C:\CodeBlocksPrograms\SquareProject\bin\Debug\SquareProject.exe: txSetColor() at c:/codeblocks/codeblocks/mingw/include/txlib.h (13128)

# 1 0x0042BB06 in C:\CodeBlocksPrograms\SquareProject\bin\Debug\SquareProject.exe: ScanCoeff() at C:/CodeBlocksPrograms/SquareProject/main.cpp (134):

    132:     do
    133:     {
=>  134:         txSetColor(TX_PINK);
    135:         printf("Enter coefficients: ");
    136:         NumofScan = scanf("%lg %lg %lg", &*a, &*b, &*c);

# 2 0x0042B9A6 in C:\CodeBlocksPrograms\SquareProject\bin\Debug\SquareProject.exe: main() at C:/CodeBlocksPrograms/SquareProject/main.cpp (101):

     99:     int NumofSolv = 0;
    100: 
=>  101:     ScanCoeff(&a, &b, &c);
    102:     NumofSolv = SquareSolver(a, b, c, &x1, &x2);
    103:     OutSolv(NumofSolv, &x1, &x2);

--------------------------------------------------
Стек вызовов TX:

# 0 in HPEN__* {anonymous}::TX::txSetColor(COLORREF, double, HDC) at c:\codeblocks\codeblocks\mingw\include\txlib.h (13128):

  13126: HPEN txSetColor (COLORREF color, double thickness /*= 1*/, HDC dc /*= txDC()*/)
  13127:     {
=>13128: $1  if (_TX_DEFAULT_HDC_FAILED (dc)) return NULL;
  13129: 
  13130: $   HPEN pen = Win32::CreatePen ((color == TX_TRANSPARENT? PS_NULL : PS_SOLID), ROUND (thickness), color);

# 1 in void ScanCoeff(double*, double*, double*) at C:\CodeBlocksPrograms\SquareProject\main.cpp (134):

    132:     do
    133:     {
=>  134:         txSetColor(TX_PINK);
    135:         printf("Enter coefficients: ");
    136:         NumofScan = scanf("%lg %lg %lg", &*a, &*b, &*c);

--------------------------------------------------
Developed with:

The Dumb Artist Library (TX Library)
TXLib [Ver: 00173a, Rev: 171, Date: 2022-07-23 02:08:28 +0400]
Copyright (C) Ded (Ilya Dedinsky, http://txlib.ru) <mail@txlib.ru>
See license on: http://txlib.ru

TXLib file:	c:\codeblocks\codeblocks\mingw\include\txlib.h
Compiled:	Aug 25 2022 15:05:17, GNU g++ 4.8.1, std=201103L, MinGW Runtime 3.20, 32-bit, DEBUG
Started:	Aug 25 2022 15:05:23

Run file:	C:\CodeBlocksPrograms\SquareProject\bin\Debug\SquareProject.exe
Directory:	C:\CodeBlocksPrograms\SquareProject

--------------------------------------------------

--------------------------------------------------
TXLib соболезнует...

Программа: C:\CodeBlocksPrograms\SquareProject\bin\Debug\SquareProject.exe, файл: c:\codeblocks\codeblocks\mingw\include\txlib.h, строка: 13128, функция: HPEN__* {anonymous}::TX::txSetColor(COLORREF, double, HDC),

Сообщение: Окно рисования не создано или не в порядке.
Если вы указали параметр "dc", то он неверен.

#1: TXLib [Ver: 00173a, Rev: 171, Date: 2022-07-23 02:08:28 +0400], Instance: 0x005042FC (32-bit), Flags: Cmdre0, Thread: 0x1050 (Main). 

--------------------------------------------------
Стек вызовов:

# 0 0x0041C445 in C:\CodeBlocksPrograms\SquareProject\bin\Debug\SquareProject.exe: txSetColor() at c:/codeblocks/codeblocks/mingw/include/txlib.h (13128)

# 1 0x0042BB06 in C:\CodeBlocksPrograms\SquareProject\bin\Debug\SquareProject.exe: ScanCoeff() at C:/CodeBlocksPrograms/SquareProject/main.cpp (134):

    132:     do
    133:     {
=>  134:         txSetColor(TX_PINK);
    135:         printf("Enter coefficients: ");
    136:         NumofScan = scanf("%lg %lg %lg", &*a, &*b, &*c);

# 2 0x0042B9A6 in C:\CodeBlocksPrograms\SquareProject\bin\Debug\SquareProject.exe: main() at C:/CodeBlocksPrograms/SquareProject/main.cpp (101):

     99:     int NumofSolv = 0;
    100: 
=>  101:     ScanCoeff(&a, &b, &c);
    102:     NumofSolv = SquareSolver(a, b, c, &x1, &x2);
    103:     OutSolv(NumofSolv, &x1, &x2);

--------------------------------------------------
Стек вызовов TX:

# 0 in HPEN__* {anonymous}::TX::txSetColor(COLORREF, double, HDC) at c:\codeblocks\codeblocks\mingw\include\txlib.h (13128):

  13126: HPEN txSetColor (COLORREF color, double thickness /*= 1*/, HDC dc /*= txDC()*/)
  13127:     {
=>13128: $1  if (_TX_DEFAULT_HDC_FAILED (dc)) return NULL;
  13129: 
  13130: $   HPEN pen = Win32::CreatePen ((color == TX_TRANSPARENT? PS_NULL : PS_SOLID), ROUND (thickness), color);

# 1 in void ScanCoeff(double*, double*, double*) at C:\CodeBlocksPrograms\SquareProject\main.cpp (134):

    132:     do
    133:     {
=>  134:         txSetColor(TX_PINK);
    135:         printf("Enter coefficients: ");
    136:         NumofScan = scanf("%lg %lg %lg", &*a, &*b, &*c);

--------------------------------------------------
Developed with:

The Dumb Artist Library (TX Library)
TXLib [Ver: 00173a, Rev: 171, Date: 2022-07-23 02:08:28 +0400]
Copyright (C) Ded (Ilya Dedinsky, http://txlib.ru) <mail@txlib.ru>
See license on: http://txlib.ru

TXLib file:	c:\codeblocks\codeblocks\mingw\include\txlib.h
Compiled:	Aug 25 2022 15:10:32, GNU g++ 4.8.1, std=201103L, MinGW Runtime 3.20, 32-bit, DEBUG
Started:	Aug 25 2022 15:10:35

Run file:	C:\CodeBlocksPrograms\SquareProject\bin\Debug\SquareProject.exe
Directory:	C:\CodeBlocksPrograms\SquareProject

--------------------------------------------------

--------------------------------------------------
TXLib предупреждает:

Программа: C:\CodeBlocksPrograms\SquareProject\bin\Debug\SquareProject.exe,

ВНЕЗАПНО: Недопустимая операция с плавающей точкой.

#1: Исключение EXCEPTION_FLT_INVALID_OPERATION (0xC0000090) при выполнении кода по адресу 0x7695F192 в функции RaiseException() в модуле C:\WINDOWS\System32\KERNELBASE.dll. Спасибо _txVectoredExceptionHandler(), что сообщил. Люблю его <3

#1: TXLib [Ver: 00173a, Rev: 171, Date: 2022-07-23 02:08:28 +0400], Instance: 0x005042FC (32-bit), Flags: Cmdre0, Thread: 0x273C (Main). 

--------------------------------------------------
Стек вызовов:

# 0 0x7695F192 in C:\WINDOWS\System32\KERNELBASE.dll: RaiseException()
# 1 0x77574A4A in C:\WINDOWS\System32\msvcrt.dll: modf()
# 2 0x7757480F in C:\WINDOWS\System32\msvcrt.dll: modf()
# 3 0x775771BA in C:\WINDOWS\System32\msvcrt.dll: modf()
# 4 0x775715B0 in C:\WINDOWS\System32\msvcrt.dll: modf()
# 5 0x775666A8 in C:\WINDOWS\System32\msvcrt.dll: sqrt()

# 6 0x0042BDE5 in C:\CodeBlocksPrograms\SquareProject\bin\Debug\SquareProject.exe: main() at C:/CodeBlocksPrograms/SquareProject/main.cpp (47):

     45: 
     46:     ScanCoeff(&a, &b, &c);
=>   47:     NumofSolv = SquareSolver(a, b, c, &x1, &x2);
     48:     OutSolv(NumofSolv, &x1, &x2);
     49: 

--------------------------------------------------
Developed with:

The Dumb Artist Library (TX Library)
TXLib [Ver: 00173a, Rev: 171, Date: 2022-07-23 02:08:28 +0400]
Copyright (C) Ded (Ilya Dedinsky, http://txlib.ru) <mail@txlib.ru>
See license on: http://txlib.ru

TXLib file:	c:\codeblocks\codeblocks\mingw\include\txlib.h
Compiled:	Aug 25 2022 16:43:21, GNU g++ 4.8.1, std=201103L, MinGW Runtime 3.20, 32-bit, DEBUG
Started:	Aug 25 2022 16:43:57

Run file:	C:\CodeBlocksPrograms\SquareProject\bin\Debug\SquareProject.exe
Directory:	C:\CodeBlocksPrograms\SquareProject

--------------------------------------------------

--------------------------------------------------
TXLib соболезнует...

Программа: C:\CodeBlocksPrograms\SquareProject\bin\Debug\SquareProject.exe,

ВНЕЗАПНО: signal (8, 0x00): SIGFPE: Грубая ошибка в вычислениях. 

Недопустимая операция с плавающей точкой.

#1: Исключение EXCEPTION_FLT_INVALID_OPERATION (0xC0000090) при выполнении кода по адресу 0x7695F192 в функции RaiseException() в модуле C:\WINDOWS\System32\KERNELBASE.dll. Спасибо _txVectoredExceptionHandler(), что сообщил. Люблю его <3

С помощью функции signal() вы можете сами обработать эту ошибку.

#2: TXLib [Ver: 00173a, Rev: 171, Date: 2022-07-23 02:08:28 +0400], Instance: 0x005042FC (32-bit), Flags: Cmdre0, Thread: 0x273C (Main). 

--------------------------------------------------
Стек вызовов:

# 0 0x7695F192 in C:\WINDOWS\System32\KERNELBASE.dll: RaiseException()
# 1 0x77574A4A in C:\WINDOWS\System32\msvcrt.dll: modf()
# 2 0x7757480F in C:\WINDOWS\System32\msvcrt.dll: modf()
# 3 0x775771BA in C:\WINDOWS\System32\msvcrt.dll: modf()
# 4 0x775715B0 in C:\WINDOWS\System32\msvcrt.dll: modf()
# 5 0x775666A8 in C:\WINDOWS\System32\msvcrt.dll: sqrt()

# 6 0x0042BDE5 in C:\CodeBlocksPrograms\SquareProject\bin\Debug\SquareProject.exe: main() at C:/CodeBlocksPrograms/SquareProject/main.cpp (47):

     45: 
     46:     ScanCoeff(&a, &b, &c);
=>   47:     NumofSolv = SquareSolver(a, b, c, &x1, &x2);
     48:     OutSolv(NumofSolv, &x1, &x2);
     49: 

--------------------------------------------------
Developed with:

The Dumb Artist Library (TX Library)
TXLib [Ver: 00173a, Rev: 171, Date: 2022-07-23 02:08:28 +0400]
Copyright (C) Ded (Ilya Dedinsky, http://txlib.ru) <mail@txlib.ru>
See license on: http://txlib.ru

TXLib file:	c:\codeblocks\codeblocks\mingw\include\txlib.h
Compiled:	Aug 25 2022 16:43:21, GNU g++ 4.8.1, std=201103L, MinGW Runtime 3.20, 32-bit, DEBUG
Started:	Aug 25 2022 16:43:57

Run file:	C:\CodeBlocksPrograms\SquareProject\bin\Debug\SquareProject.exe
Directory:	C:\CodeBlocksPrograms\SquareProject

--------------------------------------------------
